==11551== Callgrind, a call-graph generating cache profiler
==11551== Copyright (C) 2002-2017, and GNU GPL'd, by Josef Weidendorfer et al.
==11551== Using Valgrind-3.18.1-42b08ed5bd-20211015 and LibVEX; rerun with -h for copyright info
==11551== Command: ./old-photo-pipeline /home/dido/Documents/IST/Programa____o_Concorrente/Projecto_B/ist46793_ProjetoB/Dataset-1 4 -name
==11551== Parent PID: 10978
==11551== 
--11551-- 
--11551-- Valgrind options:
--11551--    --tool=callgrind
--11551--    --verbose
--11551--    --log-file=valgrind.log
--11551-- Contents of /proc/version:
--11551--   Linux version 6.8.0-50-generic (buildd@lcy02-amd64-004) (x86_64-linux-gnu-gcc-12 (Ubuntu 12.3.0-1ubuntu1~22.04) 12.3.0, GNU ld (GNU Binutils for Ubuntu) 2.38) #51~22.04.1-Ubuntu SMP PREEMPT_DYNAMIC Thu Nov 21 12:03:03 UTC 2
--11551-- 
--11551-- Arch and hwcaps: AMD64, LittleEndian, amd64-cx16-lzcnt-rdtscp-sse3-ssse3-avx-avx2-bmi-f16c-rdrand
--11551-- Page sizes: currently 4096, max supported 4096
--11551-- Valgrind library directory: /usr/libexec/valgrind
==11551== For interactive control, run 'callgrind_control -h'.
--11551-- Reading syms from /home/dido/Documents/IST/Programação_Concorrente/Projecto_B/ist46793_ProjetoB/old-photo-pipeline
--11551-- Reading syms from /usr/lib/x86_64-linux-gnu/ld-linux-x86-64.so.2
--11551--   Considering /usr/lib/debug/.build-id/41/86944c50f8a32b47d74931e3f512b811813b64.debug ..
--11551--   .. build-id is valid
--11551-- Reading syms from /usr/libexec/valgrind/callgrind-amd64-linux
--11551--    object doesn't have a symbol table
--11551--    object doesn't have a dynamic symbol table
--11551-- Scheduler: using generic scheduler lock implementation.
==11551== embedded gdbserver: reading from /tmp/vgdb-pipe-from-vgdb-to-11551-by-dido-on-???
==11551== embedded gdbserver: writing to   /tmp/vgdb-pipe-to-vgdb-from-11551-by-dido-on-???
==11551== embedded gdbserver: shared mem   /tmp/vgdb-pipe-shared-mem-vgdb-11551-by-dido-on-???
==11551== 
==11551== TO CONTROL THIS PROCESS USING vgdb (which you probably
==11551== don't want to do, unless you know exactly what you're doing,
==11551== or are doing some strange experiment):
==11551==   /usr/bin/vgdb --pid=11551 ...command...
==11551== 
==11551== TO DEBUG THIS PROCESS USING GDB: start GDB like this
==11551==   /path/to/gdb ./old-photo-pipeline
==11551== and then give GDB the following command
==11551==   target remote | /usr/bin/vgdb --pid=11551
==11551== --pid is optional if only one valgrind process is running
==11551== 
--11551-- Reading syms from /usr/libexec/valgrind/vgpreload_core-amd64-linux.so
--11551--    object doesn't have a symbol table
--11551-- Reading syms from /usr/lib/x86_64-linux-gnu/libgd.so.3.0.8
--11551--    object doesn't have a symbol table
--11551-- Reading syms from /usr/lib/x86_64-linux-gnu/libc.so.6
--11551--   Considering /usr/lib/debug/.build-id/49/0fef8403240c91833978d494d39e537409b92e.debug ..
--11551--   .. build-id is valid
--11551-- Reading syms from /usr/lib/x86_64-linux-gnu/libm.so.6
--11551--   Considering /usr/lib/debug/.build-id/a5/08ec5d8bf12fb7fd08204e0f87518e5cd0b102.debug ..
--11551--   .. build-id is valid
--11551-- Reading syms from /usr/lib/x86_64-linux-gnu/libpng16.so.16.37.0
--11551--    object doesn't have a symbol table
--11551-- Reading syms from /usr/lib/x86_64-linux-gnu/libz.so.1.2.11
--11551--    object doesn't have a symbol table
--11551-- Reading syms from /usr/lib/x86_64-linux-gnu/libfontconfig.so.1.12.0
--11551--    object doesn't have a symbol table
--11551-- Reading syms from /usr/lib/x86_64-linux-gnu/libfreetype.so.6.18.1
--11551--    object doesn't have a symbol table
--11551-- Reading syms from /usr/lib/x86_64-linux-gnu/libjpeg.so.8.2.2
--11551--    object doesn't have a symbol table
--11551-- Reading syms from /usr/lib/x86_64-linux-gnu/libXpm.so.4.11.0
--11551--    object doesn't have a symbol table
--11551-- Reading syms from /usr/lib/x86_64-linux-gnu/libtiff.so.5.7.0
--11551--    object doesn't have a symbol table
--11551-- Reading syms from /usr/lib/x86_64-linux-gnu/libwebp.so.7.1.3
--11551--    object doesn't have a symbol table
--11551-- Reading syms from /usr/lib/x86_64-linux-gnu/libexpat.so.1.8.7
--11551--    object doesn't have a symbol table
--11551-- Reading syms from /usr/lib/x86_64-linux-gnu/libuuid.so.1.3.0
--11551--    object doesn't have a symbol table
--11551-- Reading syms from /usr/lib/x86_64-linux-gnu/libbrotlidec.so.1.0.9
--11551--    object doesn't have a symbol table
--11551-- Reading syms from /usr/lib/x86_64-linux-gnu/libX11.so.6.4.0
--11551--    object doesn't have a symbol table
--11551-- Reading syms from /usr/lib/x86_64-linux-gnu/libzstd.so.1.4.8
--11551--    object doesn't have a symbol table
--11551-- Reading syms from /usr/lib/x86_64-linux-gnu/liblzma.so.5.2.5
--11551--    object doesn't have a symbol table
--11551-- Reading syms from /usr/lib/x86_64-linux-gnu/libjbig.so.0
--11551--    object doesn't have a symbol table
--11551-- Reading syms from /usr/lib/x86_64-linux-gnu/libdeflate.so.0
--11551--    object doesn't have a symbol table
--11551-- Reading syms from /usr/lib/x86_64-linux-gnu/libbrotlicommon.so.1.0.9
--11551--    object doesn't have a symbol table
--11551-- Reading syms from /usr/lib/x86_64-linux-gnu/libxcb.so.1.1.0
--11551--    object doesn't have a symbol table
--11551-- Reading syms from /usr/lib/x86_64-linux-gnu/libXau.so.6.0.0
--11551--    object doesn't have a symbol table
--11551-- Reading syms from /usr/lib/x86_64-linux-gnu/libXdmcp.so.6.0.0
--11551--    object doesn't have a symbol table
--11551-- Reading syms from /usr/lib/x86_64-linux-gnu/libbsd.so.0.11.5
--11551--    object doesn't have a symbol table
--11551-- Reading syms from /usr/lib/x86_64-linux-gnu/libmd.so.0.0.5
--11551--    object doesn't have a symbol table
--11551-- Symbol match: found runtime_resolve: ld-linux-x86-64.so.2 +0x15c60=0x4015c60
==11551== 
==11551== Process terminating with default action of signal 6 (SIGABRT)
==11551==    at 0x49709FC: pthread_kill@@GLIBC_2.34 (pthread_kill.c:44)
==11551==    by 0x491C475: raise (raise.c:26)
==11551==    by 0x49027F2: abort (abort.c:79)
==11551==    by 0x4963675: __libc_message (libc_fatal.c:155)
==11551==    by 0x497ACFB: malloc_printerr (malloc.c:5664)
==11551==    by 0x497E0DB: _int_malloc (malloc.c:4002)
==11551==    by 0x497F261: malloc (malloc.c:3321)
==11551==    by 0x10C261: FinishTimingSerial (old-photo-pipeline.c:454)
==11551==    by 0x10A70F: main (old-photo-pipeline.c:45)
==11551== 
--11551-- Start dumping at BB 287167 (Prg.Term.)...
--11551-- Dump to /home/dido/Documents/IST/Programação_Concorrente/Projecto_B/ist46793_ProjetoB/callgrind.out.11551
--11551-- Dumping done.
==11551== Events    : Ir
==11551== Collected : 1483715
==11551== 
==11551== I   refs:      1,483,715
